Release 14.7 - xst P.20131013 (lin64)
Copyright (c) 1995-2013 Xilinx, Inc.  All rights reserved.
--> 
Parameter TMPDIR set to xst/projnav.tmp


Total REAL time to Xst completion: 0.00 secs
Total CPU time to Xst completion: 0.04 secs
 
--> 
Parameter xsthdpdir set to xst


Total REAL time to Xst completion: 0.00 secs
Total CPU time to Xst completion: 0.04 secs
 
--> 
Reading design: mojo_top.prj

TABLE OF CONTENTS
  1) Synthesis Options Summary
  2) HDL Parsing
  3) HDL Elaboration
  4) HDL Synthesis
       4.1) HDL Synthesis Report
  5) Advanced HDL Synthesis
       5.1) Advanced HDL Synthesis Report
  6) Low Level Synthesis
  7) Partition Report
  8) Design Summary
       8.1) Primitive and Black Box Usage
       8.2) Device utilization summary
       8.3) Partition Resource Summary
       8.4) Timing Report
            8.4.1) Clock Information
            8.4.2) Asynchronous Control Signals Information
            8.4.3) Timing Summary
            8.4.4) Timing Details
            8.4.5) Cross Clock Domains Report


=========================================================================
*                      Synthesis Options Summary                        *
=========================================================================
---- Source Parameters
Input File Name                    : "mojo_top.prj"
Ignore Synthesis Constraint File   : NO

---- Target Parameters
Output File Name                   : "mojo_top"
Output Format                      : NGC
Target Device                      : xc6slx9-2-tqg144

---- Source Options
Top Module Name                    : mojo_top
Automatic FSM Extraction           : YES
FSM Encoding Algorithm             : Auto
Safe Implementation                : No
FSM Style                          : LUT
RAM Extraction                     : Yes
RAM Style                          : Auto
ROM Extraction                     : Yes
Shift Register Extraction          : YES
ROM Style                          : Auto
Resource Sharing                   : YES
Asynchronous To Synchronous        : NO
Shift Register Minimum Size        : 2
Use DSP Block                      : Auto
Automatic Register Balancing       : No

---- Target Options
LUT Combining                      : Auto
Reduce Control Sets                : Auto
Add IO Buffers                     : YES
Global Maximum Fanout              : 100000
Add Generic Clock Buffer(BUFG)     : 16
Register Duplication               : YES
Optimize Instantiated Primitives   : NO
Use Clock Enable                   : Auto
Use Synchronous Set                : Auto
Use Synchronous Reset              : Auto
Pack IO Registers into IOBs        : Auto
Equivalent register Removal        : YES

---- General Options
Optimization Goal                  : Speed
Optimization Effort                : 1
Power Reduction                    : NO
Keep Hierarchy                     : No
Netlist Hierarchy                  : As_Optimized
RTL Output                         : Yes
Global Optimization                : AllClockNets
Read Cores                         : YES
Write Timing Constraints           : NO
Cross Clock Analysis               : NO
Hierarchy Separator                : /
Bus Delimiter                      : <>
Case Specifier                     : Maintain
Slice Utilization Ratio            : 100
BRAM Utilization Ratio             : 100
DSP48 Utilization Ratio            : 100
Auto BRAM Packing                  : NO
Slice Utilization Ratio Delta      : 5

=========================================================================


=========================================================================
*                          HDL Parsing                                  *
=========================================================================
Analyzing Verilog file "/home/joaogonks/GitHub/RBK/fpga/mojo-base-project-master-sig-gen/pwm_osc.v" into library work
Parsing module <pwm_osc>.
Analyzing Verilog file "/home/joaogonks/GitHub/RBK/fpga/mojo-base-project-master-sig-gen/clock_divider.v" into library work
Parsing module <clock_divider>.
Analyzing Verilog file "/home/joaogonks/GitHub/RBK/fpga/mojo-base-project-master-sig-gen/src/mojo_top.v" into library work
Parsing module <mojo_top>.

=========================================================================
*                            HDL Elaboration                            *
=========================================================================

Elaborating module <mojo_top>.

Elaborating module <clock_divider>.

Elaborating module <pwm_osc>.

=========================================================================
*                           HDL Synthesis                               *
=========================================================================

Synthesizing Unit <mojo_top>.
    Related source file is "/home/joaogonks/GitHub/RBK/fpga/mojo-base-project-master-sig-gen/src/mojo_top.v".
        pwmBitWidth = 6
        oscBitWidth = 16
        channelBitWidth = 4
WARNING:Xst:647 - Input <cclk> is never used. This port will be preserved and left unconnected if it belongs to a top-level block or it belongs to a sub-block and the hierarchy of this sub-block is preserved.
WARNING:Xst:647 - Input <spi_ss> is never used. This port will be preserved and left unconnected if it belongs to a top-level block or it belongs to a sub-block and the hierarchy of this sub-block is preserved.
WARNING:Xst:647 - Input <spi_mosi> is never used. This port will be preserved and left unconnected if it belongs to a top-level block or it belongs to a sub-block and the hierarchy of this sub-block is preserved.
WARNING:Xst:647 - Input <spi_sck> is never used. This port will be preserved and left unconnected if it belongs to a top-level block or it belongs to a sub-block and the hierarchy of this sub-block is preserved.
WARNING:Xst:647 - Input <avr_tx> is never used. This port will be preserved and left unconnected if it belongs to a top-level block or it belongs to a sub-block and the hierarchy of this sub-block is preserved.
WARNING:Xst:647 - Input <avr_rx_busy> is never used. This port will be preserved and left unconnected if it belongs to a top-level block or it belongs to a sub-block and the hierarchy of this sub-block is preserved.
    Found 17-bit register for signal <incoming_osc_reg>.
    Found 7-bit register for signal <incoming_pwm_reg>.
    Found 7-bit register for signal <channel_23_pwm_reg>.
    Found 17-bit register for signal <channel_23_osc_reg>.
    Found 7-bit register for signal <channel_22_pwm_reg>.
    Found 17-bit register for signal <channel_22_osc_reg>.
    Found 7-bit register for signal <channel_21_pwm_reg>.
    Found 17-bit register for signal <channel_21_osc_reg>.
    Found 7-bit register for signal <channel_20_pwm_reg>.
    Found 17-bit register for signal <channel_20_osc_reg>.
    Found 7-bit register for signal <channel_19_pwm_reg>.
    Found 17-bit register for signal <channel_19_osc_reg>.
    Found 7-bit register for signal <channel_18_pwm_reg>.
    Found 17-bit register for signal <channel_18_osc_reg>.
    Found 7-bit register for signal <channel_17_pwm_reg>.
    Found 17-bit register for signal <channel_17_osc_reg>.
    Found 7-bit register for signal <channel_16_pwm_reg>.
    Found 17-bit register for signal <channel_16_osc_reg>.
    Found 7-bit register for signal <channel_15_pwm_reg>.
    Found 17-bit register for signal <channel_15_osc_reg>.
    Found 7-bit register for signal <channel_14_pwm_reg>.
    Found 17-bit register for signal <channel_14_osc_reg>.
    Found 7-bit register for signal <channel_13_pwm_reg>.
    Found 17-bit register for signal <channel_13_osc_reg>.
    Found 7-bit register for signal <channel_12_pwm_reg>.
    Found 17-bit register for signal <channel_12_osc_reg>.
    Found 7-bit register for signal <channel_11_pwm_reg>.
    Found 17-bit register for signal <channel_11_osc_reg>.
    Found 7-bit register for signal <channel_10_pwm_reg>.
    Found 17-bit register for signal <channel_10_osc_reg>.
    Found 7-bit register for signal <channel_09_pwm_reg>.
    Found 17-bit register for signal <channel_09_osc_reg>.
    Found 7-bit register for signal <channel_08_pwm_reg>.
    Found 17-bit register for signal <channel_08_osc_reg>.
    Found 7-bit register for signal <channel_07_pwm_reg>.
    Found 17-bit register for signal <channel_07_osc_reg>.
    Found 7-bit register for signal <channel_06_pwm_reg>.
    Found 17-bit register for signal <channel_06_osc_reg>.
    Found 7-bit register for signal <channel_05_pwm_reg>.
    Found 17-bit register for signal <channel_05_osc_reg>.
    Found 7-bit register for signal <channel_04_pwm_reg>.
    Found 17-bit register for signal <channel_04_osc_reg>.
    Found 7-bit register for signal <channel_03_pwm_reg>.
    Found 17-bit register for signal <channel_03_osc_reg>.
    Found 7-bit register for signal <channel_02_pwm_reg>.
    Found 17-bit register for signal <channel_02_osc_reg>.
    Found 7-bit register for signal <channel_01_pwm_reg>.
    Found 17-bit register for signal <channel_01_osc_reg>.
    Found 7-bit register for signal <channel_00_pwm_reg>.
    Found 17-bit register for signal <channel_00_osc_reg>.
    Found 5-bit register for signal <incoming_channel_reg>.
    Found 1-bit tristate buffer for signal <spi_miso> created at line 68
    Found 1-bit tristate buffer for signal <avr_rx> created at line 69
    Found 1-bit tristate buffer for signal <spi_channel<3>> created at line 70
    Found 1-bit tristate buffer for signal <spi_channel<2>> created at line 70
    Found 1-bit tristate buffer for signal <spi_channel<1>> created at line 70
    Found 1-bit tristate buffer for signal <spi_channel<0>> created at line 70
    Found 1-bit tristate buffer for signal <led<5>> created at line 95
    Found 1-bit tristate buffer for signal <led<6>> created at line 96
    Summary:
	inferred 605 D-type flip-flop(s).
	inferred   8 Tristate(s).
Unit <mojo_top> synthesized.

Synthesizing Unit <clock_divider>.
    Related source file is "/home/joaogonks/GitHub/RBK/fpga/mojo-base-project-master-sig-gen/clock_divider.v".
    Found 6-bit register for signal <m>.
    Found 6-bit adder for signal <m[5]_GND_8_o_add_2_OUT> created at line 35.
    Found 6-bit comparator greater for signal <m[5]_GND_8_o_LessThan_2_o> created at line 34
    Found 6-bit comparator greater for signal <out_clk> created at line 41
    Summary:
	inferred   1 Adder/Subtractor(s).
	inferred   6 D-type flip-flop(s).
	inferred   2 Comparator(s).
Unit <clock_divider> synthesized.

Synthesizing Unit <pwm_osc>.
    Related source file is "/home/joaogonks/GitHub/RBK/fpga/mojo-base-project-master-sig-gen/pwm_osc.v".
    Found 1-bit register for signal <squareWaveOut_reg>.
    Found 17-bit register for signal <osc_counter>.
    Found 17-bit adder for signal <osc_counter[16]_GND_11_o_add_2_OUT> created at line 13.
    Found 17x3-bit multiplier for signal <osc_counter[16]_PWR_3_o_MuLt_6_OUT> created at line 14.
    Found 17x7-bit multiplier for signal <n0018> created at line 14.
    Found 17-bit comparator greater for signal <n0000> created at line 13
    Found 20-bit comparator greater for signal <GND_11_o_INV_1_o> created at line 14
    Summary:
	inferred   2 Multiplier(s).
	inferred   1 Adder/Subtractor(s).
	inferred  18 D-type flip-flop(s).
	inferred   2 Comparator(s).
Unit <pwm_osc> synthesized.

=========================================================================
HDL Synthesis Report

Macro Statistics
# Multipliers                                          : 48
 17x3-bit multiplier                                   : 24
 17x7-bit multiplier                                   : 24
# Adders/Subtractors                                   : 25
 17-bit adder                                          : 24
 6-bit adder                                           : 1
# Registers                                            : 100
 1-bit register                                        : 24
 17-bit register                                       : 49
 5-bit register                                        : 1
 6-bit register                                        : 1
 7-bit register                                        : 25
# Comparators                                          : 50
 17-bit comparator greater                             : 24
 20-bit comparator greater                             : 24
 6-bit comparator greater                              : 2
# Tristates                                            : 8
 1-bit tristate buffer                                 : 8

=========================================================================

=========================================================================
*                       Advanced HDL Synthesis                          *
=========================================================================


Synthesizing (advanced) Unit <clock_divider>.
The following registers are absorbed into counter <m>: 1 register on signal <m>.
Unit <clock_divider> synthesized (advanced).

Synthesizing (advanced) Unit <pwm_osc>.
The following registers are absorbed into counter <osc_counter>: 1 register on signal <osc_counter>.
Unit <pwm_osc> synthesized (advanced).

=========================================================================
Advanced HDL Synthesis Report

Macro Statistics
# Multipliers                                          : 48
 17x3-bit multiplier                                   : 24
 17x7-bit multiplier                                   : 24
# Counters                                             : 25
 17-bit up counter                                     : 24
 6-bit up counter                                      : 1
# Registers                                            : 629
 Flip-Flops                                            : 629
# Comparators                                          : 50
 17-bit comparator greater                             : 24
 20-bit comparator greater                             : 24
 6-bit comparator greater                              : 2

=========================================================================

=========================================================================
*                         Low Level Synthesis                           *
=========================================================================

Optimizing unit <mojo_top> ...

Mapping all equations...
Building and optimizing final netlist ...
Found area constraint ratio of 100 (+ 5) on block mojo_top, actual ratio is 67.
FlipFlop incoming_channel_reg_0 has been replicated 1 time(s)
INFO:Xst:1843 - HDL ADVISOR - FlipFlop incoming_channel_reg_0 connected to a primary input has been replicated
FlipFlop incoming_channel_reg_1 has been replicated 1 time(s)
INFO:Xst:1843 - HDL ADVISOR - FlipFlop incoming_channel_reg_1 connected to a primary input has been replicated
FlipFlop incoming_channel_reg_2 has been replicated 2 time(s)
INFO:Xst:1843 - HDL ADVISOR - FlipFlop incoming_channel_reg_2 connected to a primary input has been replicated
FlipFlop incoming_channel_reg_3 has been replicated 1 time(s)
INFO:Xst:1843 - HDL ADVISOR - FlipFlop incoming_channel_reg_3 connected to a primary input has been replicated
FlipFlop incoming_channel_reg_4 has been replicated 2 time(s)
INFO:Xst:1843 - HDL ADVISOR - FlipFlop incoming_channel_reg_4 connected to a primary input has been replicated
FlipFlop incoming_channel_reg_4 has been replicated 1 time(s) to handle iob=true attribute.
FlipFlop incoming_channel_reg_3 has been replicated 1 time(s) to handle iob=true attribute.
FlipFlop incoming_channel_reg_2 has been replicated 1 time(s) to handle iob=true attribute.
FlipFlop incoming_channel_reg_1 has been replicated 1 time(s) to handle iob=true attribute.
FlipFlop incoming_channel_reg_0 has been replicated 1 time(s) to handle iob=true attribute.

Final Macro Processing ...

=========================================================================
Final Register Report

Macro Statistics
# Registers                                            : 943
 Flip-Flops                                            : 943

=========================================================================

=========================================================================
*                           Partition Report                            *
=========================================================================

Partition Implementation Status
-------------------------------

  No Partitions were found in this design.

-------------------------------

=========================================================================
*                            Design Summary                             *
=========================================================================

Top Level Output File Name         : mojo_top.ngc

Primitive and Black Box Usage:
------------------------------
# BELS                             : 7684
#      GND                         : 1
#      INV                         : 38
#      LUT1                        : 464
#      LUT2                        : 1562
#      LUT3                        : 138
#      LUT4                        : 1153
#      LUT5                        : 41
#      LUT6                        : 414
#      MUXCY                       : 2176
#      VCC                         : 1
#      XORCY                       : 1696
# FlipFlops/Latches                : 943
#      FD                          : 449
#      FDE                         : 488
#      FDR                         : 6
# Clock Buffers                    : 3
#      BUFG                        : 2
#      BUFGP                       : 1
# IO Buffers                       : 62
#      IBUF                        : 24
#      OBUF                        : 30
#      OBUFT                       : 8
# DSPs                             : 16
#      DSP48A1                     : 16

Device utilization summary:
---------------------------

Selected Device : 6slx9tqg144-2 


Slice Logic Utilization: 
 Number of Slice Registers:             938  out of  11440     8%  
 Number of Slice LUTs:                 3810  out of   5720    66%  
    Number used as Logic:              3810  out of   5720    66%  

Slice Logic Distribution: 
 Number of LUT Flip Flop pairs used:   3929
   Number with an unused Flip Flop:    2991  out of   3929    76%  
   Number with an unused LUT:           119  out of   3929     3%  
   Number of fully used LUT-FF pairs:   819  out of   3929    20%  
   Number of unique control sets:        23

IO Utilization: 
 Number of IOs:                          69
 Number of bonded IOBs:                  63  out of    102    61%  
    IOB Flip Flops/Latches:               5

Specific Feature Utilization:
 Number of BUFG/BUFGCTRLs:                3  out of     16    18%  
 Number of DSP48A1s:                     16  out of     16   100%  

---------------------------
Partition Resource Summary:
---------------------------

  No Partitions were found in this design.

---------------------------


=========================================================================
Timing Report

NOTE: THESE TIMING NUMBERS ARE ONLY A SYNTHESIS ESTIMATE.
      FOR ACCURATE TIMING INFORMATION PLEASE REFER TO THE TRACE REPORT
      GENERATED AFTER PLACE-and-ROUTE.

Clock Information:
------------------
-----------------------------------+--------------------------------------+-------+
Clock Signal                       | Clock buffer(FF name)                | Load  |
-----------------------------------+--------------------------------------+-------+
parallel_in<0>                     | IBUF+BUFG                            | 521   |
clk_div(clk_div1:O)                | BUFG(*)(pwm_osc_23/squareWaveOut_reg)| 432   |
clk                                | BUFGP                                | 6     |
-----------------------------------+--------------------------------------+-------+
(*) This 1 clock signal(s) are generated by combinatorial logic,
and XST is not able to identify which are the primary clock signals.
Please use the CLOCK_SIGNAL constraint to specify the clock signal(s) generated by combinatorial logic.

Asynchronous Control Signals Information:
----------------------------------------
No asynchronous control signals found in this design

Timing Summary:
---------------
Speed Grade: -2

   Minimum period: 4.325ns (Maximum Frequency: 231.216MHz)
   Minimum input arrival time before clock: 4.036ns
   Maximum output required time after clock: 4.118ns
   Maximum combinational path delay: 4.921ns

Timing Details:
---------------
All values displayed in nanoseconds (ns)

=========================================================================
Timing constraint: Default period analysis for Clock 'parallel_in<0>'
  Clock period: 4.325ns (frequency: 231.216MHz)
  Total number of paths / destination ports: 3741 / 1344
-------------------------------------------------------------------------
Delay:               4.325ns (Levels of Logic = 1)
  Source:            incoming_channel_reg_3_1 (FF)
  Destination:       channel_03_osc_reg_0 (FF)
  Source Clock:      parallel_in<0> rising
  Destination Clock: parallel_in<0> rising

  Data Path: incoming_channel_reg_3_1 to channel_03_osc_reg_0
                                Gate     Net
    Cell:in->out      fanout   Delay   Delay  Logical Name (Net Name)
    ----------------------------------------  ------------
     FD:C->Q              71   0.525   1.984  incoming_channel_reg_3_1 (incoming_channel_reg_3_1)
     LUT5:I4->O           19   0.254   1.260  _n02641 (_n0264)
     FDE:CE                    0.302          channel_03_osc_reg_0
    ----------------------------------------
    Total                      4.325ns (1.081ns logic, 3.244ns route)
                                       (25.0% logic, 75.0% route)

=========================================================================
Timing constraint: Default period analysis for Clock 'clk_div'
  Clock period: 4.301ns (frequency: 232.504MHz)
  Total number of paths / destination ports: 41112 / 432
-------------------------------------------------------------------------
Delay:               4.301ns (Levels of Logic = 21)
  Source:            pwm_osc_23/osc_counter_1 (FF)
  Destination:       pwm_osc_23/squareWaveOut_reg (FF)
  Source Clock:      clk_div rising
  Destination Clock: clk_div rising

  Data Path: pwm_osc_23/osc_counter_1 to pwm_osc_23/squareWaveOut_reg
                                Gate     Net
    Cell:in->out      fanout   Delay   Delay  Logical Name (Net Name)
    ----------------------------------------  ------------
     FD:C->Q               5   0.525   0.949  pwm_osc_23/osc_counter_1 (pwm_osc_23/osc_counter_1)
     LUT2:I0->O            1   0.250   0.000  pwm_osc_23/Mmult_osc_counter[16]_PWR_3_o_MuLt_6_OUT_Madd_lut<2> (pwm_osc_23/Mmult_osc_counter[16]_PWR_3_o_MuLt_6_OUT_Madd_lut<2>)
     MUXCY:S->O            1   0.215   0.000  pwm_osc_23/Mmult_osc_counter[16]_PWR_3_o_MuLt_6_OUT_Madd_cy<2> (pwm_osc_23/Mmult_osc_counter[16]_PWR_3_o_MuLt_6_OUT_Madd_cy<2>)
     MUXCY:CI->O           1   0.023   0.000  pwm_osc_23/Mmult_osc_counter[16]_PWR_3_o_MuLt_6_OUT_Madd_cy<3> (pwm_osc_23/Mmult_osc_counter[16]_PWR_3_o_MuLt_6_OUT_Madd_cy<3>)
     MUXCY:CI->O           1   0.023   0.000  pwm_osc_23/Mmult_osc_counter[16]_PWR_3_o_MuLt_6_OUT_Madd_cy<4> (pwm_osc_23/Mmult_osc_counter[16]_PWR_3_o_MuLt_6_OUT_Madd_cy<4>)
     MUXCY:CI->O           1   0.023   0.000  pwm_osc_23/Mmult_osc_counter[16]_PWR_3_o_MuLt_6_OUT_Madd_cy<5> (pwm_osc_23/Mmult_osc_counter[16]_PWR_3_o_MuLt_6_OUT_Madd_cy<5>)
     MUXCY:CI->O           1   0.023   0.000  pwm_osc_23/Mmult_osc_counter[16]_PWR_3_o_MuLt_6_OUT_Madd_cy<6> (pwm_osc_23/Mmult_osc_counter[16]_PWR_3_o_MuLt_6_OUT_Madd_cy<6>)
     MUXCY:CI->O           1   0.023   0.000  pwm_osc_23/Mmult_osc_counter[16]_PWR_3_o_MuLt_6_OUT_Madd_cy<7> (pwm_osc_23/Mmult_osc_counter[16]_PWR_3_o_MuLt_6_OUT_Madd_cy<7>)
     MUXCY:CI->O           1   0.023   0.000  pwm_osc_23/Mmult_osc_counter[16]_PWR_3_o_MuLt_6_OUT_Madd_cy<8> (pwm_osc_23/Mmult_osc_counter[16]_PWR_3_o_MuLt_6_OUT_Madd_cy<8>)
     MUXCY:CI->O           1   0.023   0.000  pwm_osc_23/Mmult_osc_counter[16]_PWR_3_o_MuLt_6_OUT_Madd_cy<9> (pwm_osc_23/Mmult_osc_counter[16]_PWR_3_o_MuLt_6_OUT_Madd_cy<9>)
     MUXCY:CI->O           1   0.023   0.000  pwm_osc_23/Mmult_osc_counter[16]_PWR_3_o_MuLt_6_OUT_Madd_cy<10> (pwm_osc_23/Mmult_osc_counter[16]_PWR_3_o_MuLt_6_OUT_Madd_cy<10>)
     MUXCY:CI->O           1   0.023   0.000  pwm_osc_23/Mmult_osc_counter[16]_PWR_3_o_MuLt_6_OUT_Madd_cy<11> (pwm_osc_23/Mmult_osc_counter[16]_PWR_3_o_MuLt_6_OUT_Madd_cy<11>)
     MUXCY:CI->O           1   0.023   0.000  pwm_osc_23/Mmult_osc_counter[16]_PWR_3_o_MuLt_6_OUT_Madd_cy<12> (pwm_osc_23/Mmult_osc_counter[16]_PWR_3_o_MuLt_6_OUT_Madd_cy<12>)
     MUXCY:CI->O           1   0.023   0.000  pwm_osc_23/Mmult_osc_counter[16]_PWR_3_o_MuLt_6_OUT_Madd_cy<13> (pwm_osc_23/Mmult_osc_counter[16]_PWR_3_o_MuLt_6_OUT_Madd_cy<13>)
     MUXCY:CI->O           1   0.023   0.000  pwm_osc_23/Mmult_osc_counter[16]_PWR_3_o_MuLt_6_OUT_Madd_cy<14> (pwm_osc_23/Mmult_osc_counter[16]_PWR_3_o_MuLt_6_OUT_Madd_cy<14>)
     MUXCY:CI->O           1   0.023   0.000  pwm_osc_23/Mmult_osc_counter[16]_PWR_3_o_MuLt_6_OUT_Madd_cy<15> (pwm_osc_23/Mmult_osc_counter[16]_PWR_3_o_MuLt_6_OUT_Madd_cy<15>)
     MUXCY:CI->O           1   0.023   0.000  pwm_osc_23/Mmult_osc_counter[16]_PWR_3_o_MuLt_6_OUT_Madd_cy<16> (pwm_osc_23/Mmult_osc_counter[16]_PWR_3_o_MuLt_6_OUT_Madd_cy<16>)
     MUXCY:CI->O           1   0.023   0.000  pwm_osc_23/Mmult_osc_counter[16]_PWR_3_o_MuLt_6_OUT_Madd_cy<17> (pwm_osc_23/Mmult_osc_counter[16]_PWR_3_o_MuLt_6_OUT_Madd_cy<17>)
     XORCY:CI->O           2   0.206   1.002  pwm_osc_23/Mmult_osc_counter[16]_PWR_3_o_MuLt_6_OUT_Madd_xor<18> (pwm_osc_23/osc_counter[16]_PWR_3_o_MuLt_6_OUT<18>)
     LUT4:I0->O            1   0.254   0.000  pwm_osc_23/Mcompar_GND_11_o_INV_1_o_lut<8> (pwm_osc_23/Mcompar_GND_11_o_INV_1_o_lut<8>)
     MUXCY:S->O            1   0.215   0.000  pwm_osc_23/Mcompar_GND_11_o_INV_1_o_cy<8> (pwm_osc_23/Mcompar_GND_11_o_INV_1_o_cy<8>)
     MUXCY:CI->O           1   0.262   0.000  pwm_osc_23/Mcompar_GND_11_o_INV_1_o_cy<8>_inv1_cy (pwm_osc_23/GND_11_o_INV_1_o)
     FD:D                      0.074          pwm_osc_23/squareWaveOut_reg
    ----------------------------------------
    Total                      4.301ns (2.350ns logic, 1.951ns route)
                                       (54.6% logic, 45.4% route)

=========================================================================
Timing constraint: Default period analysis for Clock 'clk'
  Clock period: 2.983ns (frequency: 335.233MHz)
  Total number of paths / destination ports: 33 / 12
-------------------------------------------------------------------------
Delay:               2.983ns (Levels of Logic = 1)
  Source:            clock_divider_instance/m_5 (FF)
  Destination:       clock_divider_instance/m_0 (FF)
  Source Clock:      clk rising
  Destination Clock: clk rising

  Data Path: clock_divider_instance/m_5 to clock_divider_instance/m_0
                                Gate     Net
    Cell:in->out      fanout   Delay   Delay  Logical Name (Net Name)
    ----------------------------------------  ------------
     FDR:C->Q              3   0.525   0.874  clock_divider_instance/m_5 (clock_divider_instance/m_5)
     LUT2:I0->O            6   0.250   0.875  clock_divider_instance/m[5]_GND_8_o_LessThan_2_o_inv1 (clock_divider_instance/m[5]_GND_8_o_LessThan_2_o_inv)
     FDR:R                     0.459          clock_divider_instance/m_0
    ----------------------------------------
    Total                      2.983ns (1.234ns logic, 1.749ns route)
                                       (41.4% logic, 58.6% route)

=========================================================================
Timing constraint: Default OFFSET IN BEFORE for Clock 'parallel_in<0>'
  Total number of paths / destination ports: 65 / 65
-------------------------------------------------------------------------
Offset:              4.036ns (Levels of Logic = 2)
  Source:            parallel_in<23> (PAD)
  Destination:       incoming_osc_reg_0 (FF)
  Destination Clock: parallel_in<0> rising

  Data Path: parallel_in<23> to incoming_osc_reg_0
                                Gate     Net
    Cell:in->out      fanout   Delay   Delay  Logical Name (Net Name)
    ----------------------------------------  ------------
     IBUF:I->O             8   1.328   0.943  parallel_in_23_IBUF (parallel_in_23_IBUF)
     INV:I->O             17   0.255   1.208  parallel_in<23>_inv1_INV_0 (parallel_in<23>_inv)
     FDE:CE                    0.302          incoming_osc_reg_0
    ----------------------------------------
    Total                      4.036ns (1.885ns logic, 2.151ns route)
                                       (46.7% logic, 53.3% route)

=========================================================================
Timing constraint: Default OFFSET OUT AFTER for Clock 'parallel_in<0>'
  Total number of paths / destination ports: 5 / 5
-------------------------------------------------------------------------
Offset:              4.118ns (Levels of Logic = 1)
  Source:            incoming_channel_reg_4_3 (FF)
  Destination:       led<4> (PAD)
  Source Clock:      parallel_in<0> rising

  Data Path: incoming_channel_reg_4_3 to led<4>
                                Gate     Net
    Cell:in->out      fanout   Delay   Delay  Logical Name (Net Name)
    ----------------------------------------  ------------
     FD:C->Q               1   0.525   0.681  incoming_channel_reg_4_3 (incoming_channel_reg_4_3)
     OBUF:I->O                 2.912          led_4_OBUF (led<4>)
    ----------------------------------------
    Total                      4.118ns (3.437ns logic, 0.681ns route)
                                       (83.5% logic, 16.5% route)

=========================================================================
Timing constraint: Default OFFSET OUT AFTER for Clock 'clk_div'
  Total number of paths / destination ports: 24 / 24
-------------------------------------------------------------------------
Offset:              4.118ns (Levels of Logic = 1)
  Source:            pwm_osc_00/squareWaveOut_reg (FF)
  Destination:       pwm_osc_00_out (PAD)
  Source Clock:      clk_div rising

  Data Path: pwm_osc_00/squareWaveOut_reg to pwm_osc_00_out
                                Gate     Net
    Cell:in->out      fanout   Delay   Delay  Logical Name (Net Name)
    ----------------------------------------  ------------
     FD:C->Q               1   0.525   0.681  pwm_osc_00/squareWaveOut_reg (pwm_osc_00/squareWaveOut_reg)
     OBUF:I->O                 2.912          pwm_osc_00_out_OBUF (pwm_osc_00_out)
    ----------------------------------------
    Total                      4.118ns (3.437ns logic, 0.681ns route)
                                       (83.5% logic, 16.5% route)

=========================================================================
Timing constraint: Default path analysis
  Total number of paths / destination ports: 1 / 1
-------------------------------------------------------------------------
Delay:               4.921ns (Levels of Logic = 2)
  Source:            parallel_in<0> (PAD)
  Destination:       led<7> (PAD)

  Data Path: parallel_in<0> to led<7>
                                Gate     Net
    Cell:in->out      fanout   Delay   Delay  Logical Name (Net Name)
    ----------------------------------------  ------------
     IBUF:I->O             1   1.328   0.681  parallel_in_0_IBUF (led_7_OBUF)
     OBUF:I->O                 2.912          led_7_OBUF (led<7>)
    ----------------------------------------
    Total                      4.921ns (4.240ns logic, 0.681ns route)
                                       (86.2% logic, 13.8% route)

=========================================================================

Cross Clock Domains Report:
--------------------------

Clock to Setup on destination clock clk
---------------+---------+---------+---------+---------+
               | Src:Rise| Src:Fall| Src:Rise| Src:Fall|
Source Clock   |Dest:Rise|Dest:Rise|Dest:Fall|Dest:Fall|
---------------+---------+---------+---------+---------+
clk            |    2.983|         |         |         |
---------------+---------+---------+---------+---------+

Clock to Setup on destination clock clk_div
---------------+---------+---------+---------+---------+
               | Src:Rise| Src:Fall| Src:Rise| Src:Fall|
Source Clock   |Dest:Rise|Dest:Rise|Dest:Fall|Dest:Fall|
---------------+---------+---------+---------+---------+
clk_div        |    4.301|         |         |         |
parallel_in<0> |    8.082|         |         |         |
---------------+---------+---------+---------+---------+

Clock to Setup on destination clock parallel_in<0>
---------------+---------+---------+---------+---------+
               | Src:Rise| Src:Fall| Src:Rise| Src:Fall|
Source Clock   |Dest:Rise|Dest:Rise|Dest:Fall|Dest:Fall|
---------------+---------+---------+---------+---------+
parallel_in<0> |    4.325|         |         |         |
---------------+---------+---------+---------+---------+

=========================================================================


Total REAL time to Xst completion: 8.00 secs
Total CPU time to Xst completion: 8.09 secs
 
--> 


Total memory usage is 427164 kilobytes

Number of errors   :    0 (   0 filtered)
Number of warnings :    6 (   0 filtered)
Number of infos    :    5 (   0 filtered)

